  entities.c
C:\Users\aadam\source\Repos\cs1pr-portfolio\project\visual-studio\SpringProjectx\src\entities.c(124,15): warning C4244: '=': conversion from 'float' to 'int', possible loss of data
C:\Users\aadam\source\Repos\cs1pr-portfolio\project\visual-studio\SpringProjectx\src\entities.c(127,8): warning C4244: '=': conversion from 'float' to 'int', possible loss of data
C:\Users\aadam\source\Repos\cs1pr-portfolio\project\visual-studio\SpringProjectx\src\entities.c(136,26): warning C4244: '=': conversion from 'float' to 'int', possible loss of data
C:\Users\aadam\source\Repos\cs1pr-portfolio\project\visual-studio\SpringProjectx\src\entities.c(147,28): warning C4244: '=': conversion from 'int' to 'float', possible loss of data
C:\Users\aadam\source\Repos\cs1pr-portfolio\project\visual-studio\SpringProjectx\src\entities.c(155,15): warning C4244: '=': conversion from 'float' to 'int', possible loss of data
C:\Users\aadam\source\Repos\cs1pr-portfolio\project\visual-studio\SpringProjectx\src\entities.c(158,13): warning C4244: '=': conversion from 'float' to 'int', possible loss of data
C:\Users\aadam\source\Repos\cs1pr-portfolio\project\visual-studio\SpringProjectx\src\entities.c(167,26): warning C4244: '=': conversion from 'float' to 'int', possible loss of data
C:\Users\aadam\source\Repos\cs1pr-portfolio\project\visual-studio\SpringProjectx\src\entities.c(178,28): warning C4244: '=': conversion from 'int' to 'float', possible loss of data
C:\Users\aadam\source\Repos\cs1pr-portfolio\project\visual-studio\SpringProjectx\src\entities.c(198,33): warning C4244: 'function': conversion from 'float' to 'int', possible loss of data
C:\Users\aadam\source\Repos\cs1pr-portfolio\project\visual-studio\SpringProjectx\src\entities.c(198,39): warning C4244: 'function': conversion from 'float' to 'int', possible loss of data
C:\Users\aadam\source\Repos\cs1pr-portfolio\project\visual-studio\SpringProjectx\src\entities.c(198,61): warning C4244: 'function': conversion from 'float' to 'int', possible loss of data
C:\Users\aadam\source\Repos\cs1pr-portfolio\project\visual-studio\SpringProjectx\src\entities.c(198,71): warning C4244: 'function': conversion from 'float' to 'int', possible loss of data
C:\Users\aadam\source\Repos\cs1pr-portfolio\project\visual-studio\SpringProjectx\src\entities.c(244,46): warning C4244: 'function': conversion from 'float' to 'int', possible loss of data
C:\Users\aadam\source\Repos\cs1pr-portfolio\project\visual-studio\SpringProjectx\src\entities.c(244,55): warning C4244: 'function': conversion from 'float' to 'int', possible loss of data
C:\Users\aadam\source\Repos\cs1pr-portfolio\project\visual-studio\SpringProjectx\src\entities.c(244,79): warning C4244: 'function': conversion from 'float' to 'int', possible loss of data
C:\Users\aadam\source\Repos\cs1pr-portfolio\project\visual-studio\SpringProjectx\src\entities.c(244,89): warning C4244: 'function': conversion from 'float' to 'int', possible loss of data
C:\Users\aadam\source\Repos\cs1pr-portfolio\project\visual-studio\SpringProjectx\src\entities.c(297,25): warning C4244: 'function': conversion from 'float' to 'int', possible loss of data
C:\Users\aadam\source\Repos\cs1pr-portfolio\project\visual-studio\SpringProjectx\src\entities.c(297,48): warning C4244: 'function': conversion from 'float' to 'int', possible loss of data
  map.c
  stage.c
  Generating Code...
  LINK : 0 new modules and 3 (out of 55) modules have changed since prior linking
  Starting pass 2
       stage.obj
       map.obj
       entities.obj
       MSVCRTD.lib(loadcfg.obj)
  Finished pass 2
  SpringProject.vcxproj -> C:\Users\aadam\source\Repos\cs1pr-portfolio\project\visual-studio\SpringProjectx\x64\Debug\SpringProject.exe
